make all --print-data-base --no-builtin-variables --no-builtin-rules --question
# GNU Make 3.81
# Copyright (C) 2006  Free Software Foundation, Inc.
# This is free software; see the source for copying conditions.
# There is NO warranty; not even for MERCHANTABILITY or FITNESS FOR A
# PARTICULAR PURPOSE.

# This program built for i386-apple-darwin11.3.0
 
make: *** No rule to make target `all'.  Stop.


# Make data base, printed on Tue Jun  7 13:08:57 2022

# Variables

# automatic
<D = $(patsubst %/,%,$(dir $<))
# automatic
?F = $(notdir $?)
# environment
VSCODE_LOG_NATIVE = false
# automatic
?D = $(patsubst %/,%,$(dir $?))
# environment
CPPFLAGS = -I/opt/homebrew/opt/openssl@3/include
# automatic
@D = $(patsubst %/,%,$(dir $@))
# automatic
@F = $(notdir $@)
# makefile
CURDIR := /Users/akash.goyal/dev/metro-proto
# makefile (from `Makefile', line 1)
SHELL := /usr/bin/env bash -o pipefail
# environment
VSCODE_NLS_CONFIG = {"locale":"en-gb","availableLanguages":{},"_languagePackSupport":true}
# makefile (from `Makefile', line 20)
CACHE_BIN := /Users/akash.goyal/.cache/metro-proto/Darwin/arm64/bin
# environment
_ = /usr/bin/make
# makefile (from `Makefile', line 1)
MAKEFILE_LIST :=  Makefile
# makefile (from `Makefile', line 29)
GO111MODULE := on
# environment
VSCODE_VERBOSE_LOGGING = true
# environment
__CFBundleIdentifier = com.microsoft.VSCode
# environment
INFOPATH = /opt/homebrew/share/info:
# environment
VSCODE_IPC_HOOK_EXTHOST = /var/folders/46/r42vw52968xgb37x7dh15nbm0000gq/T/vscode-ipc-128e19e7-27ba-4fb2-8496-63b570707493.sock
# environment
VSCODE_CWD = /
# makefile (from `Makefile', line 25)
PATH := /Users/akash.goyal/.cache/metro-proto/Darwin/arm64/bin:/opt/homebrew/opt/openssl@3/bin:/opt/homebrew/opt/go@1.16/bin:/opt/homebrew/bin:/opt/homebrew/bin:/opt/homebrew/sbin:/usr/local/bin:/usr/bin:/bin:/usr/sbin:/sbin:/usr/local/go/bin
# makefile (from `Makefile', line 13)
UNAME_OS := Darwin
# environment
LSCOLORS = Gxfxcxdxbxegedabagacad
# makefile (from `Makefile', line 4)
PROJECT := metro-proto
# makefile (from `Makefile', line 16)
CACHE_BASE := /Users/akash.goyal/.cache/metro-proto
# environment
GOPATH = /opt/homebrew/opt/go@1.16
# environment
VSCODE_LOG_STACK = false
# environment
ELECTRON_RUN_AS_NODE = 1
# environment
LDFLAGS = -L/opt/homebrew/opt/openssl@3/lib
# default
.FEATURES := target-specific order-only second-expansion else-if archives jobserver check-symlink
# makefile (from `Makefile', line 22)
CACHE_VERSIONS := /Users/akash.goyal/.cache/metro-proto/Darwin/arm64/versions
# environment
SSH_AUTH_SOCK = /private/tmp/com.apple.launchd.PwDiB7gg4C/Listeners
# automatic
%F = $(notdir $%)
# makefile (from `Makefile', line 27)
GOBIN := /Users/akash.goyal/.cache/metro-proto/Darwin/arm64/bin
# environment
VSCODE_PIPE_LOGGING = true
# makefile (from `Makefile', line 9)
BUF_INSTALL_FROM_SOURCE := false
# environment
PWD = /Users/akash.goyal/dev/metro-proto
# environment
HOMEBREW_CELLAR = /opt/homebrew/Cellar
# makefile (from `Makefile', line 34)
BUF := /Users/akash.goyal/.cache/metro-proto/Darwin/arm64/versions/buf/0.43.2
# environment
PKG_CONFIG_PATH = /opt/homebrew/opt/openssl@3/lib/pkgconfig:
# environment
ORIGINAL_XDG_CURRENT_DESKTOP = undefined
# makefile (from `Makefile', line 14)
UNAME_ARCH := arm64
# environment
MANPATH = /opt/homebrew/share/man::
# environment
VSCODE_AMD_ENTRYPOINT = vs/workbench/api/node/extensionHostProcess
# environment
HOME = /Users/akash.goyal
# makefile (from `Makefile', line 7)
BUF_VERSION := 0.43.2
# default
MAKEFILEPATH = $(shell /usr/bin/xcode-select -print-path 2>/dev/null || echo /Developer)/Makefiles
# environment
VSCODE_CODE_CACHE_PATH = /Users/akash.goyal/Library/Application Support/Code/CachedData/c3511e6c69bb39013c4a4b7b9566ec1ca73fc4d5
# environment
LOGNAME = akash.goyal
# environment
APPLICATION_INSIGHTS_NO_DIAGNOSTIC_CHANNEL = 1
# environment
ZSH = /Users/akash.goyal/.oh-my-zsh
# environment
VSCODE_HANDLES_UNCAUGHT_ERRORS = true
# automatic
^D = $(patsubst %/,%,$(dir $^))
# environment
GIT_TOKEN = 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
# environment
XPC_FLAGS = 0x0
# default
MAKE = $(MAKE_COMMAND)
# default
MAKECMDGOALS := all
# environment
SHLVL = 1
# default
MAKE_VERSION := 3.81
# environment
USER = akash.goyal
# makefile (from `Makefile', line 52)
.DEFAULT_GOAL := local
# environment
LESS = -R
# automatic
%D = $(patsubst %/,%,$(dir $%))
# default
MAKE_COMMAND := /Library/Developer/CommandLineTools/usr/bin/make
# default
.VARIABLES := 
# environment
TMPDIR = /var/folders/46/r42vw52968xgb37x7dh15nbm0000gq/T/
# automatic
*F = $(notdir $*)
# environment
VSCODE_IPC_HOOK = /Users/akash.goyal/Library/Application Support/Code/1.67.2-main.sock
# makefile (from `Makefile', line 18)
CACHE := /Users/akash.goyal/.cache/metro-proto/Darwin/arm64
# makefile
MAKEFLAGS = Rrqp
# environment
MFLAGS = -Rrqp
# automatic
*D = $(patsubst %/,%,$(dir $*))
# environment
XPC_SERVICE_NAME = application.com.microsoft.VSCode.7770913.7770919
# environment
HOMEBREW_PREFIX = /opt/homebrew
# automatic
+D = $(patsubst %/,%,$(dir $+))
# automatic
+F = $(notdir $+)
# environment
HOMEBREW_REPOSITORY = /opt/homebrew
# environment
__CF_USER_TEXT_ENCODING = 0x1F7:0x0:0x0
# environment
COMMAND_MODE = unix2003
# default
MAKEFILES := 
# automatic
<F = $(notdir $<)
# environment
GOPRIVATE = github.com/razorpay
# environment
PAGER = less
# environment
LC_ALL = C
# automatic
^F = $(notdir $^)
# default
SUFFIXES := 
# default
.INCLUDE_DIRS = /usr/local/include
# environment
MAKELEVEL := 0
# environment
LANG = C
# environment
VSCODE_PID = 58101
# variable set hash-table stats:
# Load=89/1024=9%, Rehash=0, Collisions=3/138=2%

# Pattern-specific Variable Values

# No pattern-specific variable values.

# Directories

# . (device 16777233, inode 8061754): 11 files, no impossibilities.

# 11 files, no impossibilities in 1 directories.

# Implicit Rules

# No implicit rules.

# Files

updateversion:
#  Phony target (prerequisite of .PHONY).
#  Implicit rule search has not been done.
#  File does not exist.
#  File has not been updated.
#  commands to execute (from `Makefile', line 70):
	$(error "VERSION must be set")
	

# Not a target:
all:
#  Command-line target.
#  Implicit rule search has been done.
#  File does not exist.
#  File has not been updated.
# variable set hash-table stats:
# Load=0/32=0%, Rehash=0, Collisions=0/0=0%

.PHONY: deps local clean updateversion help
#  Implicit rule search has not been done.
#  Modification time never checked.
#  File has not been updated.

local: /Users/akash.goyal/.cache/metro-proto/Darwin/arm64/versions/buf/0.43.2
#  Phony target (prerequisite of .PHONY).
#  Implicit rule search has not been done.
#  File does not exist.
#  File has not been updated.
#  commands to execute (from `Makefile', line 59):
	buf lint
	buf breaking --against '.git#branch=master'
	

deps: /Users/akash.goyal/.cache/metro-proto/Darwin/arm64/versions/buf/0.43.2
#  Phony target (prerequisite of .PHONY).
#  Implicit rule search has not been done.
#  File does not exist.
#  File has not been updated.

# Not a target:
.SUFFIXES:
#  Implicit rule search has not been done.
#  Modification time never checked.
#  File has not been updated.

# Not a target:
Makefile:
#  Implicit rule search has been done.
#  Last modified 2022-06-07 13:08:02
#  File has been updated.
#  Successfully updated.
# variable set hash-table stats:
# Load=0/32=0%, Rehash=0, Collisions=0/0=0%

help:
#  Phony target (prerequisite of .PHONY).
#  Implicit rule search has not been done.
#  File does not exist.
#  File has not been updated.
#  commands to execute (from `Makefile', line 81):
	@grep -E '^[a-zA-Z_-]+:.*?## .*$$' $(MAKEFILE_LIST) | sort | awk 'BEGIN {FS = ":.*?## "}; {printf "\033[36m%-30s\033[0m %s\n", $$1, $$2}'
	

# Not a target:
.DEFAULT:
#  Implicit rule search has not been done.
#  Modification time never checked.
#  File has not been updated.

/Users/akash.goyal/.cache/metro-proto/Darwin/arm64/versions/buf/0.43.2:
#  Implicit rule search has not been done.
#  Modification time never checked.
#  File has not been updated.
#  commands to execute (from `Makefile', line 36):
	@rm -f $(CACHE_BIN)/buf
	@mkdir -p $(CACHE_BIN)
	curl -sSL \
	"https://github.com/bufbuild/buf/releases/download/v$(BUF_VERSION)/buf-$(UNAME_OS)-$(UNAME_ARCH)" \
	-o "$(CACHE_BIN)/buf"
	chmod +x "$(CACHE_BIN)/buf"
	@rm -rf $(dir $(BUF))
	@mkdir -p $(dir $(BUF))
	@touch $(BUF)
	

clean:
#  Phony target (prerequisite of .PHONY).
#  Implicit rule search has not been done.
#  File does not exist.
#  File has not been updated.
 
#  commands to execute (from `Makefile', line 64):
	git clean -xdf
	rm -rf $(CACHE_BASE)
	

# files hash-table stats:
# Load=11/1024=1%, Rehash=0, Collisions=0/34=0%
# VPATH Search Paths

# No `vpath' search paths.

# No general (`VPATH' variable) search path.

# # of strings in strcache: 1
# # of strcache buffers: 1
# strcache size: total = 4096 / max = 4096 / min = 4096 / avg = 4096
# strcache free: total = 4087 / max = 4087 / min = 4087 / avg = 4087

# Finished Make data base on Tue Jun  7 13:08:57 2022

 
